Analysis & Synthesis report for Calculadora
Fri Sep 10 22:35:44 2021
Quartus Prime Version 20.1.1 Build 720 11/11/2020 SJ Lite Edition


---------------------
; Table of Contents ;
---------------------
  1. Legal Notice
  2. Analysis & Synthesis Summary
  3. Analysis & Synthesis Settings
  4. Parallel Compilation
  5. Analysis & Synthesis Source Files Read
  6. Analysis & Synthesis Resource Usage Summary
  7. Analysis & Synthesis Resource Utilization by Entity
  8. General Register Statistics
  9. Multiplexer Restructuring Statistics (Restructuring Performed)
 10. Parameter Settings for User Entity Instance: ALU:alu
 11. Parameter Settings for User Entity Instance: ALU:alu|AndGate:x5
 12. Parameter Settings for User Entity Instance: ALU:alu|OrGate:x6
 13. Parameter Settings for User Entity Instance: ALU:alu|XorGate:x7
 14. Parameter Settings for User Entity Instance: ALU:alu|shiftLeft:x8
 15. Parameter Settings for User Entity Instance: ALU:alu|shiftRight:x9
 16. Parameter Settings for User Entity Instance: ALU:alu|muxResults:muxR
 17. Port Connectivity Checks: "ALU:alu|flagsControls:flags"
 18. Port Connectivity Checks: "ALU:alu|restadorCompletoCuatroBits:x1|restadorCompletoParteA:resA|sumadorCompletoCuatroBits:fullAdder4Bits"
 19. Port Connectivity Checks: "ALU:alu|sumadorCompletoCuatroBits:x0"
 20. Post-Synthesis Netlist Statistics for Top Partition
 21. Elapsed Time Per Partition
 22. Analysis & Synthesis Messages



----------------
; Legal Notice ;
----------------
Copyright (C) 2020  Intel Corporation. All rights reserved.
Your use of Intel Corporation's design tools, logic functions 
and other software and tools, and any partner logic 
functions, and any output files from any of the foregoing 
(including device programming or simulation files), and any 
associated documentation or information are expressly subject 
to the terms and conditions of the Intel Program License 
Subscription Agreement, the Intel Quartus Prime License Agreement,
the Intel FPGA IP License Agreement, or other applicable license
agreement, including, without limitation, that your use is for
the sole purpose of programming logic devices manufactured by
Intel and sold by Intel or its authorized distributors.  Please
refer to the applicable agreement for further details, at
https://fpgasoftware.intel.com/eula.



+-------------------------------------------------------------------------------+
; Analysis & Synthesis Summary                                                  ;
+---------------------------------+---------------------------------------------+
; Analysis & Synthesis Status     ; Successful - Fri Sep 10 22:35:43 2021       ;
; Quartus Prime Version           ; 20.1.1 Build 720 11/11/2020 SJ Lite Edition ;
; Revision Name                   ; Calculadora                                 ;
; Top-level Entity Name           ; aluWithDisplays                             ;
; Family                          ; Cyclone V                                   ;
; Logic utilization (in ALMs)     ; N/A                                         ;
; Total registers                 ; 0                                           ;
; Total pins                      ; 32                                          ;
; Total virtual pins              ; 0                                           ;
; Total block memory bits         ; 0                                           ;
; Total DSP Blocks                ; 0                                           ;
; Total HSSI RX PCSs              ; 0                                           ;
; Total HSSI PMA RX Deserializers ; 0                                           ;
; Total HSSI TX PCSs              ; 0                                           ;
; Total HSSI PMA TX Serializers   ; 0                                           ;
; Total PLLs                      ; 0                                           ;
; Total DLLs                      ; 0                                           ;
+---------------------------------+---------------------------------------------+


+---------------------------------------------------------------------------------------------------------------------------+
; Analysis & Synthesis Settings                                                                                             ;
+---------------------------------------------------------------------------------+--------------------+--------------------+
; Option                                                                          ; Setting            ; Default Value      ;
+---------------------------------------------------------------------------------+--------------------+--------------------+
; Device                                                                          ; 5CSEMA5F31C6       ;                    ;
; Top-level entity name                                                           ; aluWithDisplays    ; Calculadora        ;
; Family name                                                                     ; Cyclone V          ; Cyclone V          ;
; Use smart compilation                                                           ; Off                ; Off                ;
; Enable parallel Assembler and Timing Analyzer during compilation                ; On                 ; On                 ;
; Enable compact report table                                                     ; Off                ; Off                ;
; Restructure Multiplexers                                                        ; Auto               ; Auto               ;
; MLAB Add Timing Constraints For Mixed-Port Feed-Through Mode Setting Don't Care ; Off                ; Off                ;
; Create Debugging Nodes for IP Cores                                             ; Off                ; Off                ;
; Preserve fewer node names                                                       ; On                 ; On                 ;
; Intel FPGA IP Evaluation Mode                                                   ; Enable             ; Enable             ;
; Verilog Version                                                                 ; Verilog_2001       ; Verilog_2001       ;
; VHDL Version                                                                    ; VHDL_1993          ; VHDL_1993          ;
; State Machine Processing                                                        ; Auto               ; Auto               ;
; Safe State Machine                                                              ; Off                ; Off                ;
; Extract Verilog State Machines                                                  ; On                 ; On                 ;
; Extract VHDL State Machines                                                     ; On                 ; On                 ;
; Ignore Verilog initial constructs                                               ; Off                ; Off                ;
; Iteration limit for constant Verilog loops                                      ; 5000               ; 5000               ;
; Iteration limit for non-constant Verilog loops                                  ; 250                ; 250                ;
; Add Pass-Through Logic to Inferred RAMs                                         ; On                 ; On                 ;
; Infer RAMs from Raw Logic                                                       ; On                 ; On                 ;
; Parallel Synthesis                                                              ; On                 ; On                 ;
; DSP Block Balancing                                                             ; Auto               ; Auto               ;
; NOT Gate Push-Back                                                              ; On                 ; On                 ;
; Power-Up Don't Care                                                             ; On                 ; On                 ;
; Remove Redundant Logic Cells                                                    ; Off                ; Off                ;
; Remove Duplicate Registers                                                      ; On                 ; On                 ;
; Ignore CARRY Buffers                                                            ; Off                ; Off                ;
; Ignore CASCADE Buffers                                                          ; Off                ; Off                ;
; Ignore GLOBAL Buffers                                                           ; Off                ; Off                ;
; Ignore ROW GLOBAL Buffers                                                       ; Off                ; Off                ;
; Ignore LCELL Buffers                                                            ; Off                ; Off                ;
; Ignore SOFT Buffers                                                             ; On                 ; On                 ;
; Limit AHDL Integers to 32 Bits                                                  ; Off                ; Off                ;
; Optimization Technique                                                          ; Balanced           ; Balanced           ;
; Carry Chain Length                                                              ; 70                 ; 70                 ;
; Auto Carry Chains                                                               ; On                 ; On                 ;
; Auto Open-Drain Pins                                                            ; On                 ; On                 ;
; Perform WYSIWYG Primitive Resynthesis                                           ; Off                ; Off                ;
; Auto ROM Replacement                                                            ; On                 ; On                 ;
; Auto RAM Replacement                                                            ; On                 ; On                 ;
; Auto DSP Block Replacement                                                      ; On                 ; On                 ;
; Auto Shift Register Replacement                                                 ; Auto               ; Auto               ;
; Allow Shift Register Merging across Hierarchies                                 ; Auto               ; Auto               ;
; Auto Clock Enable Replacement                                                   ; On                 ; On                 ;
; Strict RAM Replacement                                                          ; Off                ; Off                ;
; Allow Synchronous Control Signals                                               ; On                 ; On                 ;
; Force Use of Synchronous Clear Signals                                          ; Off                ; Off                ;
; Auto Resource Sharing                                                           ; Off                ; Off                ;
; Allow Any RAM Size For Recognition                                              ; Off                ; Off                ;
; Allow Any ROM Size For Recognition                                              ; Off                ; Off                ;
; Allow Any Shift Register Size For Recognition                                   ; Off                ; Off                ;
; Use LogicLock Constraints during Resource Balancing                             ; On                 ; On                 ;
; Ignore translate_off and synthesis_off directives                               ; Off                ; Off                ;
; Timing-Driven Synthesis                                                         ; On                 ; On                 ;
; Report Parameter Settings                                                       ; On                 ; On                 ;
; Report Source Assignments                                                       ; On                 ; On                 ;
; Report Connectivity Checks                                                      ; On                 ; On                 ;
; Ignore Maximum Fan-Out Assignments                                              ; Off                ; Off                ;
; Synchronization Register Chain Length                                           ; 3                  ; 3                  ;
; Power Optimization During Synthesis                                             ; Normal compilation ; Normal compilation ;
; HDL message level                                                               ; Level2             ; Level2             ;
; Suppress Register Optimization Related Messages                                 ; Off                ; Off                ;
; Number of Removed Registers Reported in Synthesis Report                        ; 5000               ; 5000               ;
; Number of Swept Nodes Reported in Synthesis Report                              ; 5000               ; 5000               ;
; Number of Inverted Registers Reported in Synthesis Report                       ; 100                ; 100                ;
; Clock MUX Protection                                                            ; On                 ; On                 ;
; Auto Gated Clock Conversion                                                     ; Off                ; Off                ;
; Block Design Naming                                                             ; Auto               ; Auto               ;
; SDC constraint protection                                                       ; Off                ; Off                ;
; Synthesis Effort                                                                ; Auto               ; Auto               ;
; Shift Register Replacement - Allow Asynchronous Clear Signal                    ; On                 ; On                 ;
; Pre-Mapping Resynthesis Optimization                                            ; Off                ; Off                ;
; Analysis & Synthesis Message Level                                              ; Medium             ; Medium             ;
; Disable Register Merging Across Hierarchies                                     ; Auto               ; Auto               ;
; Resource Aware Inference For Block RAM                                          ; On                 ; On                 ;
; Automatic Parallel Synthesis                                                    ; On                 ; On                 ;
; Partial Reconfiguration Bitstream ID                                            ; Off                ; Off                ;
+---------------------------------------------------------------------------------+--------------------+--------------------+


+------------------------------------------+
; Parallel Compilation                     ;
+----------------------------+-------------+
; Processors                 ; Number      ;
+----------------------------+-------------+
; Number detected on machine ; 8           ;
; Maximum allowed            ; 4           ;
;                            ;             ;
; Average used               ; 1.00        ;
; Maximum used               ; 1           ;
;                            ;             ;
; Usage by Processor         ; % Time Used ;
;     Processor 1            ; 100.0%      ;
+----------------------------+-------------+


+-----------------------------------------------------------------------------------------------------------------------------------------------------------------------------+
; Analysis & Synthesis Source Files Read                                                                                                                                      ;
+----------------------------------+-----------------+------------------------------+-------------------------------------------------------------------------------+---------+
; File Name with User-Entered Path ; Used in Netlist ; File Type                    ; File Name with Absolute Path                                                  ; Library ;
+----------------------------------+-----------------+------------------------------+-------------------------------------------------------------------------------+---------+
; AndGate.sv                       ; yes             ; User SystemVerilog HDL File  ; C:/Users/User/Downloads/Problema1-ALU/Problema1/AndGate.sv                    ;         ;
; OrGate.sv                        ; yes             ; User SystemVerilog HDL File  ; C:/Users/User/Downloads/Problema1-ALU/Problema1/OrGate.sv                     ;         ;
; XorGate.sv                       ; yes             ; User SystemVerilog HDL File  ; C:/Users/User/Downloads/Problema1-ALU/Problema1/XorGate.sv                    ;         ;
; sumadorCompletoUnBit.sv          ; yes             ; User SystemVerilog HDL File  ; C:/Users/User/Downloads/Problema1-ALU/Problema1/sumadorCompletoUnBit.sv       ;         ;
; sumadorCompletoCuatroBits.sv     ; yes             ; User SystemVerilog HDL File  ; C:/Users/User/Downloads/Problema1-ALU/Problema1/sumadorCompletoCuatroBits.sv  ;         ;
; restadorCompletoParteA.sv        ; yes             ; User SystemVerilog HDL File  ; C:/Users/User/Downloads/Problema1-ALU/Problema1/restadorCompletoParteA.sv     ;         ;
; restadorCompletoParteB.sv        ; yes             ; User SystemVerilog HDL File  ; C:/Users/User/Downloads/Problema1-ALU/Problema1/restadorCompletoParteB.sv     ;         ;
; restadorCompletoCuatroBits.sv    ; yes             ; User SystemVerilog HDL File  ; C:/Users/User/Downloads/Problema1-ALU/Problema1/restadorCompletoCuatroBits.sv ;         ;
; muxResults.sv                    ; yes             ; User SystemVerilog HDL File  ; C:/Users/User/Downloads/Problema1-ALU/Problema1/muxResults.sv                 ;         ;
; ALU.sv                           ; yes             ; User SystemVerilog HDL File  ; C:/Users/User/Downloads/Problema1-ALU/Problema1/ALU.sv                        ;         ;
; shiftRight.sv                    ; yes             ; User SystemVerilog HDL File  ; C:/Users/User/Downloads/Problema1-ALU/Problema1/shiftRight.sv                 ;         ;
; shiftLeft.sv                     ; yes             ; User SystemVerilog HDL File  ; C:/Users/User/Downloads/Problema1-ALU/Problema1/shiftLeft.sv                  ;         ;
; flagsControls.sv                 ; yes             ; User SystemVerilog HDL File  ; C:/Users/User/Downloads/Problema1-ALU/Problema1/flagsControls.sv              ;         ;
; twoDisplaysNumbers.sv            ; yes             ; User SystemVerilog HDL File  ; C:/Users/User/Downloads/Problema1-ALU/Problema1/twoDisplaysNumbers.sv         ;         ;
; signDisplay.sv                   ; yes             ; User SystemVerilog HDL File  ; C:/Users/User/Downloads/Problema1-ALU/Problema1/signDisplay.sv                ;         ;
; aluWithDisplays.sv               ; yes             ; User SystemVerilog HDL File  ; C:/Users/User/Downloads/Problema1-ALU/Problema1/aluWithDisplays.sv            ;         ;
+----------------------------------+-----------------+------------------------------+-------------------------------------------------------------------------------+---------+


+---------------------------------------------------------------+
; Analysis & Synthesis Resource Usage Summary                   ;
+---------------------------------------------+-----------------+
; Resource                                    ; Usage           ;
+---------------------------------------------+-----------------+
; Estimate of Logic utilization (ALMs needed) ; 24              ;
;                                             ;                 ;
; Combinational ALUT usage for logic          ; 33              ;
;     -- 7 input functions                    ; 3               ;
;     -- 6 input functions                    ; 11              ;
;     -- 5 input functions                    ; 1               ;
;     -- 4 input functions                    ; 11              ;
;     -- <=3 input functions                  ; 7               ;
;                                             ;                 ;
; Dedicated logic registers                   ; 0               ;
;                                             ;                 ;
; I/O pins                                    ; 32              ;
;                                             ;                 ;
; Total DSP Blocks                            ; 0               ;
;                                             ;                 ;
; Maximum fan-out node                        ; select[0]~input ;
; Maximum fan-out                             ; 11              ;
; Total fan-out                               ; 203             ;
; Average fan-out                             ; 2.09            ;
+---------------------------------------------+-----------------+


+-------------------------------------------------------------------------------------------------------------------------------------------------------------------------------------------------------------------------------------------------------------------------------------------------------------------------------------------------------------------+
; Analysis & Synthesis Resource Utilization by Entity                                                                                                                                                                                                                                                                                                               ;
+--------------------------------------------------------+---------------------+---------------------------+-------------------+------------+------+--------------+-----------------------------------------------------------------------------------------------------------------------------------------------------+----------------------------+--------------+
; Compilation Hierarchy Node                             ; Combinational ALUTs ; Dedicated Logic Registers ; Block Memory Bits ; DSP Blocks ; Pins ; Virtual Pins ; Full Hierarchy Name                                                                                                                                 ; Entity Name                ; Library Name ;
+--------------------------------------------------------+---------------------+---------------------------+-------------------+------------+------+--------------+-----------------------------------------------------------------------------------------------------------------------------------------------------+----------------------------+--------------+
; |aluWithDisplays                                       ; 33 (0)              ; 0 (0)                     ; 0                 ; 0          ; 32   ; 0            ; |aluWithDisplays                                                                                                                                    ; aluWithDisplays            ; work         ;
;    |ALU:alu|                                           ; 23 (0)              ; 0 (0)                     ; 0                 ; 0          ; 0    ; 0            ; |aluWithDisplays|ALU:alu                                                                                                                            ; ALU                        ; work         ;
;       |flagsControls:flags|                            ; 2 (2)               ; 0 (0)                     ; 0                 ; 0          ; 0    ; 0            ; |aluWithDisplays|ALU:alu|flagsControls:flags                                                                                                        ; flagsControls              ; work         ;
;       |muxResults:muxR|                                ; 10 (10)             ; 0 (0)                     ; 0                 ; 0          ; 0    ; 0            ; |aluWithDisplays|ALU:alu|muxResults:muxR                                                                                                            ; muxResults                 ; work         ;
;       |restadorCompletoCuatroBits:x1|                  ; 9 (0)               ; 0 (0)                     ; 0                 ; 0          ; 0    ; 0            ; |aluWithDisplays|ALU:alu|restadorCompletoCuatroBits:x1                                                                                              ; restadorCompletoCuatroBits ; work         ;
;          |restadorCompletoParteA:resA|                 ; 6 (0)               ; 0 (0)                     ; 0                 ; 0          ; 0    ; 0            ; |aluWithDisplays|ALU:alu|restadorCompletoCuatroBits:x1|restadorCompletoParteA:resA                                                                  ; restadorCompletoParteA     ; work         ;
;             |sumadorCompletoCuatroBits:fullAdder4Bits| ; 6 (0)               ; 0 (0)                     ; 0                 ; 0          ; 0    ; 0            ; |aluWithDisplays|ALU:alu|restadorCompletoCuatroBits:x1|restadorCompletoParteA:resA|sumadorCompletoCuatroBits:fullAdder4Bits                         ; sumadorCompletoCuatroBits  ; work         ;
;                |sumadorCompletoUnBit:S0|               ; 1 (1)               ; 0 (0)                     ; 0                 ; 0          ; 0    ; 0            ; |aluWithDisplays|ALU:alu|restadorCompletoCuatroBits:x1|restadorCompletoParteA:resA|sumadorCompletoCuatroBits:fullAdder4Bits|sumadorCompletoUnBit:S0 ; sumadorCompletoUnBit       ; work         ;
;                |sumadorCompletoUnBit:S1|               ; 1 (1)               ; 0 (0)                     ; 0                 ; 0          ; 0    ; 0            ; |aluWithDisplays|ALU:alu|restadorCompletoCuatroBits:x1|restadorCompletoParteA:resA|sumadorCompletoCuatroBits:fullAdder4Bits|sumadorCompletoUnBit:S1 ; sumadorCompletoUnBit       ; work         ;
;                |sumadorCompletoUnBit:S2|               ; 2 (2)               ; 0 (0)                     ; 0                 ; 0          ; 0    ; 0            ; |aluWithDisplays|ALU:alu|restadorCompletoCuatroBits:x1|restadorCompletoParteA:resA|sumadorCompletoCuatroBits:fullAdder4Bits|sumadorCompletoUnBit:S2 ; sumadorCompletoUnBit       ; work         ;
;                |sumadorCompletoUnBit:S3|               ; 2 (2)               ; 0 (0)                     ; 0                 ; 0          ; 0    ; 0            ; |aluWithDisplays|ALU:alu|restadorCompletoCuatroBits:x1|restadorCompletoParteA:resA|sumadorCompletoCuatroBits:fullAdder4Bits|sumadorCompletoUnBit:S3 ; sumadorCompletoUnBit       ; work         ;
;          |restadorCompletoParteB:resB|                 ; 3 (3)               ; 0 (0)                     ; 0                 ; 0          ; 0    ; 0            ; |aluWithDisplays|ALU:alu|restadorCompletoCuatroBits:x1|restadorCompletoParteB:resB                                                                  ; restadorCompletoParteB     ; work         ;
;       |sumadorCompletoCuatroBits:x0|                   ; 2 (0)               ; 0 (0)                     ; 0                 ; 0          ; 0    ; 0            ; |aluWithDisplays|ALU:alu|sumadorCompletoCuatroBits:x0                                                                                               ; sumadorCompletoCuatroBits  ; work         ;
;          |sumadorCompletoUnBit:S1|                     ; 1 (1)               ; 0 (0)                     ; 0                 ; 0          ; 0    ; 0            ; |aluWithDisplays|ALU:alu|sumadorCompletoCuatroBits:x0|sumadorCompletoUnBit:S1                                                                       ; sumadorCompletoUnBit       ; work         ;
;          |sumadorCompletoUnBit:S2|                     ; 1 (1)               ; 0 (0)                     ; 0                 ; 0          ; 0    ; 0            ; |aluWithDisplays|ALU:alu|sumadorCompletoCuatroBits:x0|sumadorCompletoUnBit:S2                                                                       ; sumadorCompletoUnBit       ; work         ;
;    |signDisplay:flagDisplay|                           ; 2 (2)               ; 0 (0)                     ; 0                 ; 0          ; 0    ; 0            ; |aluWithDisplays|signDisplay:flagDisplay                                                                                                            ; signDisplay                ; work         ;
;    |twoDisplaysNumbers:numberDisplays|                 ; 8 (8)               ; 0 (0)                     ; 0                 ; 0          ; 0    ; 0            ; |aluWithDisplays|twoDisplaysNumbers:numberDisplays                                                                                                  ; twoDisplaysNumbers         ; work         ;
+--------------------------------------------------------+---------------------+---------------------------+-------------------+------------+------+--------------+-----------------------------------------------------------------------------------------------------------------------------------------------------+----------------------------+--------------+
Note: For table entries with two numbers listed, the numbers in parentheses indicate the number of resources of the given type used by the specific entity alone. The numbers listed outside of parentheses indicate the total resources of the given type used by the specific entity and all of its sub-entities in the hierarchy.


+------------------------------------------------------+
; General Register Statistics                          ;
+----------------------------------------------+-------+
; Statistic                                    ; Value ;
+----------------------------------------------+-------+
; Total registers                              ; 0     ;
; Number of registers using Synchronous Clear  ; 0     ;
; Number of registers using Synchronous Load   ; 0     ;
; Number of registers using Asynchronous Clear ; 0     ;
; Number of registers using Asynchronous Load  ; 0     ;
; Number of registers using Clock Enable       ; 0     ;
; Number of registers using Preset             ; 0     ;
+----------------------------------------------+-------+


+-------------------------------------------------------------------------------------------------------------------------------------------------------------+
; Multiplexer Restructuring Statistics (Restructuring Performed)                                                                                              ;
+--------------------+-----------+---------------+----------------------+------------------------+------------+-----------------------------------------------+
; Multiplexer Inputs ; Bus Width ; Baseline Area ; Area if Restructured ; Saving if Restructured ; Registered ; Example Multiplexer Output                    ;
+--------------------+-----------+---------------+----------------------+------------------------+------------+-----------------------------------------------+
; 8:1                ; 2 bits    ; 10 LEs        ; 10 LEs               ; 0 LEs                  ; No         ; |aluWithDisplays|ALU:alu|muxResults:muxR|Mux2 ;
+--------------------+-----------+---------------+----------------------+------------------------+------------+-----------------------------------------------+


+------------------------------------------------------+
; Parameter Settings for User Entity Instance: ALU:alu ;
+----------------+-------+-----------------------------+
; Parameter Name ; Value ; Type                        ;
+----------------+-------+-----------------------------+
; N              ; 4     ; Signed Integer              ;
+----------------+-------+-----------------------------+
Note: In order to hide this table in the UI and the text report file, please set the "Show Parameter Settings in Synthesis Report" option in "Analysis and Synthesis Settings -> More Settings" to "Off".


+-----------------------------------------------------------------+
; Parameter Settings for User Entity Instance: ALU:alu|AndGate:x5 ;
+----------------+-------+----------------------------------------+
; Parameter Name ; Value ; Type                                   ;
+----------------+-------+----------------------------------------+
; N              ; 4     ; Signed Integer                         ;
+----------------+-------+----------------------------------------+
Note: In order to hide this table in the UI and the text report file, please set the "Show Parameter Settings in Synthesis Report" option in "Analysis and Synthesis Settings -> More Settings" to "Off".


+----------------------------------------------------------------+
; Parameter Settings for User Entity Instance: ALU:alu|OrGate:x6 ;
+----------------+-------+---------------------------------------+
; Parameter Name ; Value ; Type                                  ;
+----------------+-------+---------------------------------------+
; N              ; 4     ; Signed Integer                        ;
+----------------+-------+---------------------------------------+
Note: In order to hide this table in the UI and the text report file, please set the "Show Parameter Settings in Synthesis Report" option in "Analysis and Synthesis Settings -> More Settings" to "Off".


+-----------------------------------------------------------------+
; Parameter Settings for User Entity Instance: ALU:alu|XorGate:x7 ;
+----------------+-------+----------------------------------------+
; Parameter Name ; Value ; Type                                   ;
+----------------+-------+----------------------------------------+
; N              ; 4     ; Signed Integer                         ;
+----------------+-------+----------------------------------------+
Note: In order to hide this table in the UI and the text report file, please set the "Show Parameter Settings in Synthesis Report" option in "Analysis and Synthesis Settings -> More Settings" to "Off".


+-------------------------------------------------------------------+
; Parameter Settings for User Entity Instance: ALU:alu|shiftLeft:x8 ;
+----------------+-------+------------------------------------------+
; Parameter Name ; Value ; Type                                     ;
+----------------+-------+------------------------------------------+
; n              ; 4     ; Signed Integer                           ;
+----------------+-------+------------------------------------------+
Note: In order to hide this table in the UI and the text report file, please set the "Show Parameter Settings in Synthesis Report" option in "Analysis and Synthesis Settings -> More Settings" to "Off".


+--------------------------------------------------------------------+
; Parameter Settings for User Entity Instance: ALU:alu|shiftRight:x9 ;
+----------------+-------+-------------------------------------------+
; Parameter Name ; Value ; Type                                      ;
+----------------+-------+-------------------------------------------+
; n              ; 4     ; Signed Integer                            ;
+----------------+-------+-------------------------------------------+
Note: In order to hide this table in the UI and the text report file, please set the "Show Parameter Settings in Synthesis Report" option in "Analysis and Synthesis Settings -> More Settings" to "Off".


+----------------------------------------------------------------------+
; Parameter Settings for User Entity Instance: ALU:alu|muxResults:muxR ;
+----------------+-------+---------------------------------------------+
; Parameter Name ; Value ; Type                                        ;
+----------------+-------+---------------------------------------------+
; N              ; 4     ; Signed Integer                              ;
+----------------+-------+---------------------------------------------+
Note: In order to hide this table in the UI and the text report file, please set the "Show Parameter Settings in Synthesis Report" option in "Analysis and Synthesis Settings -> More Settings" to "Off".


+--------------------------------------------------------------------------------------------------------------------------------------------------------------------------------+
; Port Connectivity Checks: "ALU:alu|flagsControls:flags"                                                                                                                        ;
+----------+-------+----------+--------------------------------------------------------------------------------------------------------------------------------------------------+
; Port     ; Type  ; Severity ; Details                                                                                                                                          ;
+----------+-------+----------+--------------------------------------------------------------------------------------------------------------------------------------------------+
; Selector ; Input ; Warning  ; Input port expression (3 bits) is smaller than the input port (4 bits) it drives.  Extra input bit(s) "Selector[3..3]" will be connected to GND. ;
+----------+-------+----------+--------------------------------------------------------------------------------------------------------------------------------------------------+


+-----------------------------------------------------------------------------------------------------------------------------------------------------------------------------------------------------------------+
; Port Connectivity Checks: "ALU:alu|restadorCompletoCuatroBits:x1|restadorCompletoParteA:resA|sumadorCompletoCuatroBits:fullAdder4Bits"                                                                          ;
+---------+-------+----------+------------------------------------------------------------------------------------------------------------------------------------------------------------------------------------+
; Port    ; Type  ; Severity ; Details                                                                                                                                                                            ;
+---------+-------+----------+------------------------------------------------------------------------------------------------------------------------------------------------------------------------------------+
; Cin     ; Input ; Warning  ; Input port expression (32 bits) is wider than the input port (1 bits) it drives.  The 31 most-significant bit(s) in the expression will be dangling if they have no other fanouts. ;
; Cin[-1] ; Input ; Info     ; Stuck at VCC                                                                                                                                                                       ;
+---------+-------+----------+------------------------------------------------------------------------------------------------------------------------------------------------------------------------------------+


+-----------------------------------------------------------------------------------------------------------------------------------------------------------------------------------------------------------------+
; Port Connectivity Checks: "ALU:alu|sumadorCompletoCuatroBits:x0"                                                                                                                                                ;
+---------+-------+----------+------------------------------------------------------------------------------------------------------------------------------------------------------------------------------------+
; Port    ; Type  ; Severity ; Details                                                                                                                                                                            ;
+---------+-------+----------+------------------------------------------------------------------------------------------------------------------------------------------------------------------------------------+
; Cin     ; Input ; Warning  ; Input port expression (32 bits) is wider than the input port (1 bits) it drives.  The 31 most-significant bit(s) in the expression will be dangling if they have no other fanouts. ;
; Cin[-1] ; Input ; Info     ; Stuck at GND                                                                                                                                                                       ;
+---------+-------+----------+------------------------------------------------------------------------------------------------------------------------------------------------------------------------------------+


+-----------------------------------------------------+
; Post-Synthesis Netlist Statistics for Top Partition ;
+-----------------------+-----------------------------+
; Type                  ; Count                       ;
+-----------------------+-----------------------------+
; arriav_lcell_comb     ; 38                          ;
;     extend            ; 3                           ;
;         7 data inputs ; 3                           ;
;     normal            ; 35                          ;
;         0 data inputs ; 2                           ;
;         1 data inputs ; 3                           ;
;         2 data inputs ; 2                           ;
;         3 data inputs ; 5                           ;
;         4 data inputs ; 11                          ;
;         5 data inputs ; 1                           ;
;         6 data inputs ; 11                          ;
; boundary_port         ; 32                          ;
;                       ;                             ;
; Max LUT depth         ; 6.00                        ;
; Average LUT depth     ; 4.94                        ;
+-----------------------+-----------------------------+


+-------------------------------+
; Elapsed Time Per Partition    ;
+----------------+--------------+
; Partition Name ; Elapsed Time ;
+----------------+--------------+
; Top            ; 00:00:01     ;
+----------------+--------------+


+-------------------------------+
; Analysis & Synthesis Messages ;
+-------------------------------+
Info: *******************************************************************
Info: Running Quartus Prime Analysis & Synthesis
    Info: Version 20.1.1 Build 720 11/11/2020 SJ Lite Edition
    Info: Processing started: Fri Sep 10 22:35:24 2021
Info: Command: quartus_map --read_settings_files=on --write_settings_files=off Calculadora -c Calculadora
Warning (18236): Number of processors has not been specified which may cause overloading on shared machines.  Set the global assignment NUM_PARALLEL_PROCESSORS in your QSF to an appropriate value for best performance.
Info (20030): Parallel compilation is enabled and will use 4 of the 4 processors detected
Info (12021): Found 1 design units, including 1 entities, in source file andgate.sv
    Info (12023): Found entity 1: AndGate File: C:/Users/User/Downloads/Problema1-ALU/Problema1/AndGate.sv Line: 1
Info (12021): Found 1 design units, including 1 entities, in source file orgate.sv
    Info (12023): Found entity 1: OrGate File: C:/Users/User/Downloads/Problema1-ALU/Problema1/OrGate.sv Line: 1
Info (12021): Found 1 design units, including 1 entities, in source file xorgate.sv
    Info (12023): Found entity 1: XorGate File: C:/Users/User/Downloads/Problema1-ALU/Problema1/XorGate.sv Line: 1
Info (12021): Found 1 design units, including 1 entities, in source file division.sv
    Info (12023): Found entity 1: division File: C:/Users/User/Downloads/Problema1-ALU/Problema1/division.sv Line: 2
Info (12021): Found 1 design units, including 1 entities, in source file multiplicacion.sv
    Info (12023): Found entity 1: multiplicacion File: C:/Users/User/Downloads/Problema1-ALU/Problema1/multiplicacion.sv Line: 2
Info (12021): Found 1 design units, including 1 entities, in source file sumadorcompletounbit.sv
    Info (12023): Found entity 1: sumadorCompletoUnBit File: C:/Users/User/Downloads/Problema1-ALU/Problema1/sumadorCompletoUnBit.sv Line: 1
Info (12021): Found 1 design units, including 1 entities, in source file sumadorcompletocuatrobits.sv
    Info (12023): Found entity 1: sumadorCompletoCuatroBits File: C:/Users/User/Downloads/Problema1-ALU/Problema1/sumadorCompletoCuatroBits.sv Line: 1
Info (12021): Found 1 design units, including 1 entities, in source file modulo.sv
    Info (12023): Found entity 1: modulo File: C:/Users/User/Downloads/Problema1-ALU/Problema1/modulo.sv Line: 1
Info (12021): Found 1 design units, including 1 entities, in source file restadorcompletopartea.sv
    Info (12023): Found entity 1: restadorCompletoParteA File: C:/Users/User/Downloads/Problema1-ALU/Problema1/restadorCompletoParteA.sv Line: 1
Info (12021): Found 1 design units, including 1 entities, in source file restadorcompletoparteb.sv
    Info (12023): Found entity 1: restadorCompletoParteB File: C:/Users/User/Downloads/Problema1-ALU/Problema1/restadorCompletoParteB.sv Line: 1
Info (12021): Found 1 design units, including 1 entities, in source file restadorcompletocuatrobits.sv
    Info (12023): Found entity 1: restadorCompletoCuatroBits File: C:/Users/User/Downloads/Problema1-ALU/Problema1/restadorCompletoCuatroBits.sv Line: 1
Info (12021): Found 1 design units, including 1 entities, in source file muxresults.sv
    Info (12023): Found entity 1: muxResults File: C:/Users/User/Downloads/Problema1-ALU/Problema1/muxResults.sv Line: 1
Info (12021): Found 1 design units, including 1 entities, in source file alu.sv
    Info (12023): Found entity 1: ALU File: C:/Users/User/Downloads/Problema1-ALU/Problema1/ALU.sv Line: 1
Info (12021): Found 1 design units, including 1 entities, in source file shiftright.sv
    Info (12023): Found entity 1: shiftRight File: C:/Users/User/Downloads/Problema1-ALU/Problema1/shiftRight.sv Line: 2
Info (12021): Found 1 design units, including 1 entities, in source file shiftleft.sv
    Info (12023): Found entity 1: shiftLeft File: C:/Users/User/Downloads/Problema1-ALU/Problema1/shiftLeft.sv Line: 2
Info (12021): Found 1 design units, including 1 entities, in source file testalu.sv
    Info (12023): Found entity 1: testALU File: C:/Users/User/Downloads/Problema1-ALU/Problema1/testALU.sv Line: 1
Info (12021): Found 1 design units, including 1 entities, in source file flagscontrols.sv
    Info (12023): Found entity 1: flagsControls File: C:/Users/User/Downloads/Problema1-ALU/Problema1/flagsControls.sv Line: 1
Info (12021): Found 1 design units, including 1 entities, in source file twodisplaysnumbers.sv
    Info (12023): Found entity 1: twoDisplaysNumbers File: C:/Users/User/Downloads/Problema1-ALU/Problema1/twoDisplaysNumbers.sv Line: 1
Info (12021): Found 1 design units, including 1 entities, in source file signdisplay.sv
    Info (12023): Found entity 1: signDisplay File: C:/Users/User/Downloads/Problema1-ALU/Problema1/signDisplay.sv Line: 1
Info (12021): Found 1 design units, including 1 entities, in source file aluwithdisplays.sv
    Info (12023): Found entity 1: aluWithDisplays File: C:/Users/User/Downloads/Problema1-ALU/Problema1/aluWithDisplays.sv Line: 1
Info (12127): Elaborating entity "aluWithDisplays" for the top level hierarchy
Info (12128): Elaborating entity "ALU" for hierarchy "ALU:alu" File: C:/Users/User/Downloads/Problema1-ALU/Problema1/aluWithDisplays.sv Line: 9
Info (12128): Elaborating entity "sumadorCompletoCuatroBits" for hierarchy "ALU:alu|sumadorCompletoCuatroBits:x0" File: C:/Users/User/Downloads/Problema1-ALU/Problema1/ALU.sv Line: 24
Info (12128): Elaborating entity "sumadorCompletoUnBit" for hierarchy "ALU:alu|sumadorCompletoCuatroBits:x0|sumadorCompletoUnBit:S0" File: C:/Users/User/Downloads/Problema1-ALU/Problema1/sumadorCompletoCuatroBits.sv Line: 9
Info (12128): Elaborating entity "restadorCompletoCuatroBits" for hierarchy "ALU:alu|restadorCompletoCuatroBits:x1" File: C:/Users/User/Downloads/Problema1-ALU/Problema1/ALU.sv Line: 25
Info (12128): Elaborating entity "restadorCompletoParteA" for hierarchy "ALU:alu|restadorCompletoCuatroBits:x1|restadorCompletoParteA:resA" File: C:/Users/User/Downloads/Problema1-ALU/Problema1/restadorCompletoCuatroBits.sv Line: 9
Info (12128): Elaborating entity "restadorCompletoParteB" for hierarchy "ALU:alu|restadorCompletoCuatroBits:x1|restadorCompletoParteB:resB" File: C:/Users/User/Downloads/Problema1-ALU/Problema1/restadorCompletoCuatroBits.sv Line: 10
Warning (10230): Verilog HDL assignment warning at restadorCompletoParteB.sv(7): truncated value with size 32 to match size of target (4) File: C:/Users/User/Downloads/Problema1-ALU/Problema1/restadorCompletoParteB.sv Line: 7
Warning (10230): Verilog HDL assignment warning at restadorCompletoParteB.sv(8): truncated value with size 32 to match size of target (1) File: C:/Users/User/Downloads/Problema1-ALU/Problema1/restadorCompletoParteB.sv Line: 8
Info (12128): Elaborating entity "AndGate" for hierarchy "ALU:alu|AndGate:x5" File: C:/Users/User/Downloads/Problema1-ALU/Problema1/ALU.sv Line: 26
Info (12128): Elaborating entity "OrGate" for hierarchy "ALU:alu|OrGate:x6" File: C:/Users/User/Downloads/Problema1-ALU/Problema1/ALU.sv Line: 27
Info (12128): Elaborating entity "XorGate" for hierarchy "ALU:alu|XorGate:x7" File: C:/Users/User/Downloads/Problema1-ALU/Problema1/ALU.sv Line: 28
Info (12128): Elaborating entity "shiftLeft" for hierarchy "ALU:alu|shiftLeft:x8" File: C:/Users/User/Downloads/Problema1-ALU/Problema1/ALU.sv Line: 29
Info (12128): Elaborating entity "shiftRight" for hierarchy "ALU:alu|shiftRight:x9" File: C:/Users/User/Downloads/Problema1-ALU/Problema1/ALU.sv Line: 30
Info (12128): Elaborating entity "flagsControls" for hierarchy "ALU:alu|flagsControls:flags" File: C:/Users/User/Downloads/Problema1-ALU/Problema1/ALU.sv Line: 33
Warning (10230): Verilog HDL assignment warning at flagsControls.sv(10): truncated value with size 4 to match size of target (1) File: C:/Users/User/Downloads/Problema1-ALU/Problema1/flagsControls.sv Line: 10
Warning (10230): Verilog HDL assignment warning at flagsControls.sv(11): truncated value with size 4 to match size of target (1) File: C:/Users/User/Downloads/Problema1-ALU/Problema1/flagsControls.sv Line: 11
Warning (10230): Verilog HDL assignment warning at flagsControls.sv(16): truncated value with size 4 to match size of target (1) File: C:/Users/User/Downloads/Problema1-ALU/Problema1/flagsControls.sv Line: 16
Warning (10230): Verilog HDL assignment warning at flagsControls.sv(24): truncated value with size 4 to match size of target (1) File: C:/Users/User/Downloads/Problema1-ALU/Problema1/flagsControls.sv Line: 24
Warning (10230): Verilog HDL assignment warning at flagsControls.sv(25): truncated value with size 4 to match size of target (1) File: C:/Users/User/Downloads/Problema1-ALU/Problema1/flagsControls.sv Line: 25
Warning (10230): Verilog HDL assignment warning at flagsControls.sv(26): truncated value with size 4 to match size of target (1) File: C:/Users/User/Downloads/Problema1-ALU/Problema1/flagsControls.sv Line: 26
Info (12128): Elaborating entity "muxResults" for hierarchy "ALU:alu|muxResults:muxR" File: C:/Users/User/Downloads/Problema1-ALU/Problema1/ALU.sv Line: 35
Info (12128): Elaborating entity "twoDisplaysNumbers" for hierarchy "twoDisplaysNumbers:numberDisplays" File: C:/Users/User/Downloads/Problema1-ALU/Problema1/aluWithDisplays.sv Line: 10
Info (12128): Elaborating entity "signDisplay" for hierarchy "signDisplay:flagDisplay" File: C:/Users/User/Downloads/Problema1-ALU/Problema1/aluWithDisplays.sv Line: 11
Info (10264): Verilog HDL Case Statement information at signDisplay.sv(3): all case item expressions in this case statement are onehot File: C:/Users/User/Downloads/Problema1-ALU/Problema1/signDisplay.sv Line: 3
Warning (12241): 3 hierarchies have connectivity warnings - see the Connectivity Checks report folder
Warning (13024): Output pins are stuck at VCC or GND
    Warning (13410): Pin "displayOfNumbers[7]" is stuck at VCC File: C:/Users/User/Downloads/Problema1-ALU/Problema1/aluWithDisplays.sv Line: 3
    Warning (13410): Pin "displayOfNumbers[11]" is stuck at GND File: C:/Users/User/Downloads/Problema1-ALU/Problema1/aluWithDisplays.sv Line: 3
    Warning (13410): Pin "displayOfNumbers[12]" is stuck at GND File: C:/Users/User/Downloads/Problema1-ALU/Problema1/aluWithDisplays.sv Line: 3
    Warning (13410): Pin "displayOfFlags[1]" is stuck at VCC File: C:/Users/User/Downloads/Problema1-ALU/Problema1/aluWithDisplays.sv Line: 4
    Warning (13410): Pin "displayOfFlags[2]" is stuck at VCC File: C:/Users/User/Downloads/Problema1-ALU/Problema1/aluWithDisplays.sv Line: 4
Info (286030): Timing-Driven Synthesis is running
Info (16010): Generating hard_block partition "hard_block:auto_generated_inst"
    Info (16011): Adding 0 node(s), including 0 DDIO, 0 PLL, 0 transceiver and 0 LCELL
Info (21057): Implemented 65 device resources after synthesis - the final resource count might be different
    Info (21058): Implemented 11 input pins
    Info (21059): Implemented 21 output pins
    Info (21061): Implemented 33 logic cells
Info: Quartus Prime Analysis & Synthesis was successful. 0 errors, 16 warnings
    Info: Peak virtual memory: 4810 megabytes
    Info: Processing ended: Fri Sep 10 22:35:44 2021
    Info: Elapsed time: 00:00:20
    Info: Total CPU time (on all processors): 00:00:48


